<?xml version="1.0" encoding="UTF-8"?>
<TestRun id="5e0353c4-9d27-47c5-b638-89f9e329d51b" name="Mufflon@HOME-PC 2011-09-27 21:08:14" runUser="HOME-PC\Mufflon" xmlns="http://microsoft.com/schemas/VisualStudio/TeamTest/2010">
  <TestSettings name="Local" id="6c7d477a-e894-4a70-b286-0f6354b03526">
    <Description>These are default test settings for a local test run.</Description>
    <Deployment enabled="false" runDeploymentRoot="Mufflon_HOME-PC 2011-09-27 21_08_14">
      <DeploymentItem filename="C:\Users\Mufflon\documents\visual studio 11\Projects\ConstructorTester\packages\NUnit.2.5.10.11092\lib\nunit.framework.dll" />
      <DeploymentItem filename="C:\Users\Mufflon\documents\visual studio 11\Projects\ConstructorTester\packages\NUnit.2.5.10.11092\lib\nunit.mocks.dll" />
      <DeploymentItem filename="C:\Users\Mufflon\documents\visual studio 11\Projects\ConstructorTester\ConstructorTester\bin\Debug\ConstructorTester.dll" />
      <DeploymentItem filename="C:\Users\Mufflon\documents\visual studio 11\Projects\ConstructorTester\packages\NUnit.2.5.10.11092\lib\pnunit.framework.dll" />
    </Deployment>
    <Execution>
      <TestTypeSpecific />
      <AgentRule name="Execution Agents">
      </AgentRule>
    </Execution>
  </TestSettings>
  <Times creation="2011-09-27T21:08:14.2037897+02:00" queuing="2011-09-27T21:08:14.2528126+02:00" start="2011-09-27T21:08:14.2840322+02:00" finish="2011-09-27T21:08:15.0172352+02:00" />
  <ResultSummary outcome="Completed">
    <Counters total="8" executed="8" passed="8" error="0" failed="0" timeout="0" aborted="0" inconclusive="0" passedButRunAborted="0" notRunnable="0" notExecuted="0" disconnected="0" warning="0" completed="0" inProgress="0" pending="0" />
  </ResultSummary>
  <TestDefinitions>
    <UnitTest name="When_given_a_constructor_of_an_internal_class_Then_it_should_handle_this" storage="c:\users\mufflon\documents\visual studio 11\projects\constructortester\testproject1\bin\debug\constructortestertests.dll" id="dbbbe58d-9b08-5cfd-b33e-a060ac86e32c">
      <Execution id="1c29dc66-2d3e-4e47-af29-58cbf962ff67" />
      <TestMethod codeBase="C:/Users/Mufflon/documents/visual studio 11/Projects/ConstructorTester/TestProject1/bin/Debug/ConstructorTesterTests.DLL" adapterTypeName="Microsoft.VisualStudio.TestTools.TestTypes.Unit.UnitTestAdapter, Microsoft.VisualStudio.QualityTools.Tips.UnitTest.Adapter, Version=11.0.0.0, Culture=neutral, PublicKeyToken=b03f5f7f11d50a3a" className="ConstructorTesterTests.ArgumentNullTestTests, ConstructorTesterTests, Version=1.0.0.0, Culture=neutral, PublicKeyToken=null" name="When_given_a_constructor_of_an_internal_class_Then_it_should_handle_this" />
    </UnitTest>
    <UnitTest name="When_given_a_constructor_with_one_interface_parameter_Then_it_should_handle_this" storage="c:\users\mufflon\documents\visual studio 11\projects\constructortester\testproject1\bin\debug\constructortestertests.dll" id="a7aef663-41f9-5d8a-b5a0-852543a8fa27">
      <Execution id="bad05fc6-0ace-4e1d-8261-5f9a8180f00c" />
      <TestMethod codeBase="C:/Users/Mufflon/documents/visual studio 11/Projects/ConstructorTester/TestProject1/bin/Debug/ConstructorTesterTests.DLL" adapterTypeName="Microsoft.VisualStudio.TestTools.TestTypes.Unit.UnitTestAdapter, Microsoft.VisualStudio.QualityTools.Tips.UnitTest.Adapter, Version=11.0.0.0, Culture=neutral, PublicKeyToken=b03f5f7f11d50a3a" className="ConstructorTesterTests.ArgumentNullTestTests, ConstructorTesterTests, Version=1.0.0.0, Culture=neutral, PublicKeyToken=null" name="When_given_a_constructor_with_one_interface_parameter_Then_it_should_handle_this" />
    </UnitTest>
    <UnitTest name="When_given_a_default_constructor_Then_it_should_handle_this" storage="c:\users\mufflon\documents\visual studio 11\projects\constructortester\testproject1\bin\debug\constructortestertests.dll" id="109f2b18-5fe0-6cc6-e617-564a51ff5ba3">
      <Execution id="eba343ea-d764-4908-b54e-25b76979a066" />
      <TestMethod codeBase="C:/Users/Mufflon/documents/visual studio 11/Projects/ConstructorTester/TestProject1/bin/Debug/ConstructorTesterTests.DLL" adapterTypeName="Microsoft.VisualStudio.TestTools.TestTypes.Unit.UnitTestAdapter, Microsoft.VisualStudio.QualityTools.Tips.UnitTest.Adapter, Version=11.0.0.0, Culture=neutral, PublicKeyToken=b03f5f7f11d50a3a" className="ConstructorTesterTests.ArgumentNullTestTests, ConstructorTesterTests, Version=1.0.0.0, Culture=neutral, PublicKeyToken=null" name="When_given_a_default_constructor_Then_it_should_handle_this" />
    </UnitTest>
    <UnitTest name="When_given_an_internal_constructor_with_one_class_parameter_Then_it_should_handle_this" storage="c:\users\mufflon\documents\visual studio 11\projects\constructortester\testproject1\bin\debug\constructortestertests.dll" id="c1546c68-3d37-df22-0334-d20ca54e92ab">
      <Execution id="14953d66-d20d-493e-aaf3-a545eff07511" />
      <TestMethod codeBase="C:/Users/Mufflon/documents/visual studio 11/Projects/ConstructorTester/TestProject1/bin/Debug/ConstructorTesterTests.DLL" adapterTypeName="Microsoft.VisualStudio.TestTools.TestTypes.Unit.UnitTestAdapter, Microsoft.VisualStudio.QualityTools.Tips.UnitTest.Adapter, Version=11.0.0.0, Culture=neutral, PublicKeyToken=b03f5f7f11d50a3a" className="ConstructorTesterTests.ArgumentNullTestTests, ConstructorTesterTests, Version=1.0.0.0, Culture=neutral, PublicKeyToken=null" name="When_given_an_internal_constructor_with_one_class_parameter_Then_it_should_handle_this" />
    </UnitTest>
    <UnitTest name="When_given_a_constructor_with_one_value_parameter_Then_it_should_handle_this" storage="c:\users\mufflon\documents\visual studio 11\projects\constructortester\testproject1\bin\debug\constructortestertests.dll" id="8037305c-f53e-428f-e951-87f57bffe102">
      <Execution id="8c89fc64-f7ee-4cdc-9386-c2fa9e4dcc2e" />
      <TestMethod codeBase="C:/Users/Mufflon/documents/visual studio 11/Projects/ConstructorTester/TestProject1/bin/Debug/ConstructorTesterTests.DLL" adapterTypeName="Microsoft.VisualStudio.TestTools.TestTypes.Unit.UnitTestAdapter, Microsoft.VisualStudio.QualityTools.Tips.UnitTest.Adapter, Version=11.0.0.0, Culture=neutral, PublicKeyToken=b03f5f7f11d50a3a" className="ConstructorTesterTests.ArgumentNullTestTests, ConstructorTesterTests, Version=1.0.0.0, Culture=neutral, PublicKeyToken=null" name="When_given_a_constructor_with_one_value_parameter_Then_it_should_handle_this" />
    </UnitTest>
    <UnitTest name="When_given_a_constructor_with_one_class_parameter_Then_it_should_handle_this" storage="c:\users\mufflon\documents\visual studio 11\projects\constructortester\testproject1\bin\debug\constructortestertests.dll" id="98101bdf-c153-0c62-21d5-ea83358f3fb2">
      <Execution id="c5e8a007-a109-4cbd-8a0c-390572766838" />
      <TestMethod codeBase="C:/Users/Mufflon/documents/visual studio 11/Projects/ConstructorTester/TestProject1/bin/Debug/ConstructorTesterTests.DLL" adapterTypeName="Microsoft.VisualStudio.TestTools.TestTypes.Unit.UnitTestAdapter, Microsoft.VisualStudio.QualityTools.Tips.UnitTest.Adapter, Version=11.0.0.0, Culture=neutral, PublicKeyToken=b03f5f7f11d50a3a" className="ConstructorTesterTests.ArgumentNullTestTests, ConstructorTesterTests, Version=1.0.0.0, Culture=neutral, PublicKeyToken=null" name="When_given_a_constructor_with_one_class_parameter_Then_it_should_handle_this" />
    </UnitTest>
    <UnitTest name="When_given_a_constructor_calling_an_abstract_base_class_Then_it_should_handle_this" storage="c:\users\mufflon\documents\visual studio 11\projects\constructortester\testproject1\bin\debug\constructortestertests.dll" id="1be7005f-3454-1b0e-0ae2-005b83a28cb2">
      <Execution id="1486ca3b-5e63-4b4f-b9a3-3b34824ebffb" />
      <TestMethod codeBase="C:/Users/Mufflon/documents/visual studio 11/Projects/ConstructorTester/TestProject1/bin/Debug/ConstructorTesterTests.DLL" adapterTypeName="Microsoft.VisualStudio.TestTools.TestTypes.Unit.UnitTestAdapter, Microsoft.VisualStudio.QualityTools.Tips.UnitTest.Adapter, Version=11.0.0.0, Culture=neutral, PublicKeyToken=b03f5f7f11d50a3a" className="ConstructorTesterTests.ArgumentNullTestTests, ConstructorTesterTests, Version=1.0.0.0, Culture=neutral, PublicKeyToken=null" name="When_given_a_constructor_calling_an_abstract_base_class_Then_it_should_handle_this" />
    </UnitTest>
    <UnitTest name="When_given_a_constructor_with_a_string_as_parameter_Then_it_should_handle_this" storage="c:\users\mufflon\documents\visual studio 11\projects\constructortester\testproject1\bin\debug\constructortestertests.dll" id="73982f5e-9dd6-9acc-7e94-0cae2b0d135e">
      <Execution id="c7696c0e-4fc4-4a76-ae19-f5d4a28cf036" />
      <TestMethod codeBase="C:/Users/Mufflon/documents/visual studio 11/Projects/ConstructorTester/TestProject1/bin/Debug/ConstructorTesterTests.DLL" adapterTypeName="Microsoft.VisualStudio.TestTools.TestTypes.Unit.UnitTestAdapter, Microsoft.VisualStudio.QualityTools.Tips.UnitTest.Adapter, Version=11.0.0.0, Culture=neutral, PublicKeyToken=b03f5f7f11d50a3a" className="ConstructorTesterTests.ArgumentNullTestTests, ConstructorTesterTests, Version=1.0.0.0, Culture=neutral, PublicKeyToken=null" name="When_given_a_constructor_with_a_string_as_parameter_Then_it_should_handle_this" />
    </UnitTest>
  </TestDefinitions>
  <TestLists>
    <TestList name="Results Not in a List" id="8c84fa94-04c1-424b-9868-57a2d4851a1d" />
    <TestList name="All Loaded Results" id="19431567-8539-422a-85d7-44ee4e166bda" />
  </TestLists>
  <TestEntries>
    <TestEntry testId="109f2b18-5fe0-6cc6-e617-564a51ff5ba3" executionId="eba343ea-d764-4908-b54e-25b76979a066" testListId="8c84fa94-04c1-424b-9868-57a2d4851a1d" />
    <TestEntry testId="1be7005f-3454-1b0e-0ae2-005b83a28cb2" executionId="1486ca3b-5e63-4b4f-b9a3-3b34824ebffb" testListId="8c84fa94-04c1-424b-9868-57a2d4851a1d" />
    <TestEntry testId="73982f5e-9dd6-9acc-7e94-0cae2b0d135e" executionId="c7696c0e-4fc4-4a76-ae19-f5d4a28cf036" testListId="8c84fa94-04c1-424b-9868-57a2d4851a1d" />
    <TestEntry testId="8037305c-f53e-428f-e951-87f57bffe102" executionId="8c89fc64-f7ee-4cdc-9386-c2fa9e4dcc2e" testListId="8c84fa94-04c1-424b-9868-57a2d4851a1d" />
    <TestEntry testId="98101bdf-c153-0c62-21d5-ea83358f3fb2" executionId="c5e8a007-a109-4cbd-8a0c-390572766838" testListId="8c84fa94-04c1-424b-9868-57a2d4851a1d" />
    <TestEntry testId="a7aef663-41f9-5d8a-b5a0-852543a8fa27" executionId="bad05fc6-0ace-4e1d-8261-5f9a8180f00c" testListId="8c84fa94-04c1-424b-9868-57a2d4851a1d" />
    <TestEntry testId="c1546c68-3d37-df22-0334-d20ca54e92ab" executionId="14953d66-d20d-493e-aaf3-a545eff07511" testListId="8c84fa94-04c1-424b-9868-57a2d4851a1d" />
    <TestEntry testId="dbbbe58d-9b08-5cfd-b33e-a060ac86e32c" executionId="1c29dc66-2d3e-4e47-af29-58cbf962ff67" testListId="8c84fa94-04c1-424b-9868-57a2d4851a1d" />
  </TestEntries>
  <Results>
    <UnitTestResult executionId="eba343ea-d764-4908-b54e-25b76979a066" testId="109f2b18-5fe0-6cc6-e617-564a51ff5ba3" testName="When_given_a_default_constructor_Then_it_should_handle_this" computerName="HOME-PC" duration="00:00:00.0316213" startTime="2011-09-27T21:08:14.3152319+02:00" endTime="2011-09-27T21:08:14.6896326+02:00" testType="13cdc9d9-ddb5-4fa4-a97d-d965ccfc6d4b" outcome="Passed" testListId="8c84fa94-04c1-424b-9868-57a2d4851a1d" relativeResultsDirectory="eba343ea-d764-4908-b54e-25b76979a066">
    </UnitTestResult>
    <UnitTestResult executionId="1486ca3b-5e63-4b4f-b9a3-3b34824ebffb" testId="1be7005f-3454-1b0e-0ae2-005b83a28cb2" testName="When_given_a_constructor_calling_an_abstract_base_class_Then_it_should_handle_this" computerName="HOME-PC" duration="00:00:00.0025631" startTime="2011-09-27T21:08:14.7364299+02:00" endTime="2011-09-27T21:08:14.7832305+02:00" testType="13cdc9d9-ddb5-4fa4-a97d-d965ccfc6d4b" outcome="Passed" testListId="8c84fa94-04c1-424b-9868-57a2d4851a1d" relativeResultsDirectory="1486ca3b-5e63-4b4f-b9a3-3b34824ebffb">
    </UnitTestResult>
    <UnitTestResult executionId="c7696c0e-4fc4-4a76-ae19-f5d4a28cf036" testId="73982f5e-9dd6-9acc-7e94-0cae2b0d135e" testName="When_given_a_constructor_with_a_string_as_parameter_Then_it_should_handle_this" computerName="HOME-PC" duration="00:00:00.0016334" startTime="2011-09-27T21:08:14.7832305+02:00" endTime="2011-09-27T21:08:14.7988313+02:00" testType="13cdc9d9-ddb5-4fa4-a97d-d965ccfc6d4b" outcome="Passed" testListId="8c84fa94-04c1-424b-9868-57a2d4851a1d" relativeResultsDirectory="c7696c0e-4fc4-4a76-ae19-f5d4a28cf036">
    </UnitTestResult>
    <UnitTestResult executionId="8c89fc64-f7ee-4cdc-9386-c2fa9e4dcc2e" testId="8037305c-f53e-428f-e951-87f57bffe102" testName="When_given_a_constructor_with_one_value_parameter_Then_it_should_handle_this" computerName="HOME-PC" duration="00:00:00.0002489" startTime="2011-09-27T21:08:14.7988313+02:00" endTime="2011-09-27T21:08:14.7988313+02:00" testType="13cdc9d9-ddb5-4fa4-a97d-d965ccfc6d4b" outcome="Passed" testListId="8c84fa94-04c1-424b-9868-57a2d4851a1d" relativeResultsDirectory="8c89fc64-f7ee-4cdc-9386-c2fa9e4dcc2e">
    </UnitTestResult>
    <UnitTestResult executionId="c5e8a007-a109-4cbd-8a0c-390572766838" testId="98101bdf-c153-0c62-21d5-ea83358f3fb2" testName="When_given_a_constructor_with_one_class_parameter_Then_it_should_handle_this" computerName="HOME-PC" duration="00:00:00.0011850" startTime="2011-09-27T21:08:14.8144334+02:00" endTime="2011-09-27T21:08:14.8144334+02:00" testType="13cdc9d9-ddb5-4fa4-a97d-d965ccfc6d4b" outcome="Passed" testListId="8c84fa94-04c1-424b-9868-57a2d4851a1d" relativeResultsDirectory="c5e8a007-a109-4cbd-8a0c-390572766838">
    </UnitTestResult>
    <UnitTestResult executionId="bad05fc6-0ace-4e1d-8261-5f9a8180f00c" testId="a7aef663-41f9-5d8a-b5a0-852543a8fa27" testName="When_given_a_constructor_with_one_interface_parameter_Then_it_should_handle_this" computerName="HOME-PC" duration="00:00:00.1482693" startTime="2011-09-27T21:08:14.8144334+02:00" endTime="2011-09-27T21:08:14.9704308+02:00" testType="13cdc9d9-ddb5-4fa4-a97d-d965ccfc6d4b" outcome="Passed" testListId="8c84fa94-04c1-424b-9868-57a2d4851a1d" relativeResultsDirectory="bad05fc6-0ace-4e1d-8261-5f9a8180f00c">
    </UnitTestResult>
    <UnitTestResult executionId="14953d66-d20d-493e-aaf3-a545eff07511" testId="c1546c68-3d37-df22-0334-d20ca54e92ab" testName="When_given_an_internal_constructor_with_one_class_parameter_Then_it_should_handle_this" computerName="HOME-PC" duration="00:00:00.0012799" startTime="2011-09-27T21:08:14.9704308+02:00" endTime="2011-09-27T21:08:14.9704308+02:00" testType="13cdc9d9-ddb5-4fa4-a97d-d965ccfc6d4b" outcome="Passed" testListId="8c84fa94-04c1-424b-9868-57a2d4851a1d" relativeResultsDirectory="14953d66-d20d-493e-aaf3-a545eff07511">
    </UnitTestResult>
    <UnitTestResult executionId="1c29dc66-2d3e-4e47-af29-58cbf962ff67" testId="dbbbe58d-9b08-5cfd-b33e-a060ac86e32c" testName="When_given_a_constructor_of_an_internal_class_Then_it_should_handle_this" computerName="HOME-PC" duration="00:00:00.0012350" startTime="2011-09-27T21:08:14.9860336+02:00" endTime="2011-09-27T21:08:14.9860336+02:00" testType="13cdc9d9-ddb5-4fa4-a97d-d965ccfc6d4b" outcome="Passed" testListId="8c84fa94-04c1-424b-9868-57a2d4851a1d" relativeResultsDirectory="1c29dc66-2d3e-4e47-af29-58cbf962ff67">
    </UnitTestResult>
  </Results>
</TestRun>