<?xml version="1.0" encoding="UTF-8"?>
<TestRun id="87a950ff-1a9d-4fd6-8853-cf8c330edafc" name="Mufflon@HOME-PC 2011-09-27 20:55:51" runUser="HOME-PC\Mufflon" xmlns="http://microsoft.com/schemas/VisualStudio/TeamTest/2010">
  <TestSettings name="Local" id="6c7d477a-e894-4a70-b286-0f6354b03526">
    <Description>These are default test settings for a local test run.</Description>
    <Deployment enabled="false" runDeploymentRoot="Mufflon_HOME-PC 2011-09-27 20_55_51">
      <DeploymentItem filename="C:\Users\Mufflon\documents\visual studio 11\Projects\ConstructorTester\packages\NUnit.2.5.10.11092\lib\nunit.framework.dll" />
      <DeploymentItem filename="C:\Users\Mufflon\documents\visual studio 11\Projects\ConstructorTester\packages\NUnit.2.5.10.11092\lib\nunit.mocks.dll" />
      <DeploymentItem filename="C:\Users\Mufflon\documents\visual studio 11\Projects\ConstructorTester\ConstructorTester\bin\Debug\ConstructorTester.dll" />
      <DeploymentItem filename="C:\Users\Mufflon\documents\visual studio 11\Projects\ConstructorTester\packages\NUnit.2.5.10.11092\lib\pnunit.framework.dll" />
    </Deployment>
    <Execution>
      <TestTypeSpecific />
      <AgentRule name="Execution Agents">
      </AgentRule>
    </Execution>
  </TestSettings>
  <Times creation="2011-09-27T20:55:51.6806605+02:00" queuing="2011-09-27T20:55:51.7556608+02:00" start="2011-09-27T20:55:51.7736608+02:00" finish="2011-09-27T20:55:52.5264666+02:00" />
  <ResultSummary outcome="Completed">
    <Counters total="7" executed="7" passed="7" error="0" failed="0" timeout="0" aborted="0" inconclusive="0" passedButRunAborted="0" notRunnable="0" notExecuted="0" disconnected="0" warning="0" completed="0" inProgress="0" pending="0" />
  </ResultSummary>
  <TestDefinitions>
    <UnitTest name="When_given_a_constructor_with_one_value_parameter_Then_it_should_handle_this" storage="c:\users\mufflon\documents\visual studio 11\projects\constructortester\testproject1\bin\debug\constructortestertests.dll" id="8037305c-f53e-428f-e951-87f57bffe102">
      <Execution id="b512dae3-f437-4c19-9e6a-506ec8169c57" />
      <TestMethod codeBase="C:/Users/Mufflon/documents/visual studio 11/Projects/ConstructorTester/TestProject1/bin/Debug/ConstructorTesterTests.DLL" adapterTypeName="Microsoft.VisualStudio.TestTools.TestTypes.Unit.UnitTestAdapter, Microsoft.VisualStudio.QualityTools.Tips.UnitTest.Adapter, Version=11.0.0.0, Culture=neutral, PublicKeyToken=b03f5f7f11d50a3a" className="ConstructorTesterTests.ArgumentNullTestTests, ConstructorTesterTests, Version=1.0.0.0, Culture=neutral, PublicKeyToken=null" name="When_given_a_constructor_with_one_value_parameter_Then_it_should_handle_this" />
    </UnitTest>
    <UnitTest name="When_given_a_default_constructor_Then_it_should_handle_this" storage="c:\users\mufflon\documents\visual studio 11\projects\constructortester\testproject1\bin\debug\constructortestertests.dll" id="109f2b18-5fe0-6cc6-e617-564a51ff5ba3">
      <Execution id="020d5450-241c-4202-85ea-2de152a4c098" />
      <TestMethod codeBase="C:/Users/Mufflon/documents/visual studio 11/Projects/ConstructorTester/TestProject1/bin/Debug/ConstructorTesterTests.DLL" adapterTypeName="Microsoft.VisualStudio.TestTools.TestTypes.Unit.UnitTestAdapter, Microsoft.VisualStudio.QualityTools.Tips.UnitTest.Adapter, Version=11.0.0.0, Culture=neutral, PublicKeyToken=b03f5f7f11d50a3a" className="ConstructorTesterTests.ArgumentNullTestTests, ConstructorTesterTests, Version=1.0.0.0, Culture=neutral, PublicKeyToken=null" name="When_given_a_default_constructor_Then_it_should_handle_this" />
    </UnitTest>
    <UnitTest name="When_given_an_internal_constructor_with_one_class_parameter_Then_it_should_handle_this" storage="c:\users\mufflon\documents\visual studio 11\projects\constructortester\testproject1\bin\debug\constructortestertests.dll" id="c1546c68-3d37-df22-0334-d20ca54e92ab">
      <Execution id="29394441-1a17-4993-8513-f72414db55d8" />
      <TestMethod codeBase="C:/Users/Mufflon/documents/visual studio 11/Projects/ConstructorTester/TestProject1/bin/Debug/ConstructorTesterTests.DLL" adapterTypeName="Microsoft.VisualStudio.TestTools.TestTypes.Unit.UnitTestAdapter, Microsoft.VisualStudio.QualityTools.Tips.UnitTest.Adapter, Version=11.0.0.0, Culture=neutral, PublicKeyToken=b03f5f7f11d50a3a" className="ConstructorTesterTests.ArgumentNullTestTests, ConstructorTesterTests, Version=1.0.0.0, Culture=neutral, PublicKeyToken=null" name="When_given_an_internal_constructor_with_one_class_parameter_Then_it_should_handle_this" />
    </UnitTest>
    <UnitTest name="When_given_a_constructor_calling_an_abstract_base_class_Then_it_should_handle_this" storage="c:\users\mufflon\documents\visual studio 11\projects\constructortester\testproject1\bin\debug\constructortestertests.dll" id="1be7005f-3454-1b0e-0ae2-005b83a28cb2">
      <Execution id="34a3b3ba-7cd1-4c3e-8c6e-d94a580d335b" />
      <TestMethod codeBase="C:/Users/Mufflon/documents/visual studio 11/Projects/ConstructorTester/TestProject1/bin/Debug/ConstructorTesterTests.DLL" adapterTypeName="Microsoft.VisualStudio.TestTools.TestTypes.Unit.UnitTestAdapter, Microsoft.VisualStudio.QualityTools.Tips.UnitTest.Adapter, Version=11.0.0.0, Culture=neutral, PublicKeyToken=b03f5f7f11d50a3a" className="ConstructorTesterTests.ArgumentNullTestTests, ConstructorTesterTests, Version=1.0.0.0, Culture=neutral, PublicKeyToken=null" name="When_given_a_constructor_calling_an_abstract_base_class_Then_it_should_handle_this" />
    </UnitTest>
    <UnitTest name="When_given_a_constructor_with_one_class_parameter_Then_it_should_handle_this" storage="c:\users\mufflon\documents\visual studio 11\projects\constructortester\testproject1\bin\debug\constructortestertests.dll" id="98101bdf-c153-0c62-21d5-ea83358f3fb2">
      <Execution id="16ae3b41-8fc3-42e5-84e5-1e07da1df396" />
      <TestMethod codeBase="C:/Users/Mufflon/documents/visual studio 11/Projects/ConstructorTester/TestProject1/bin/Debug/ConstructorTesterTests.DLL" adapterTypeName="Microsoft.VisualStudio.TestTools.TestTypes.Unit.UnitTestAdapter, Microsoft.VisualStudio.QualityTools.Tips.UnitTest.Adapter, Version=11.0.0.0, Culture=neutral, PublicKeyToken=b03f5f7f11d50a3a" className="ConstructorTesterTests.ArgumentNullTestTests, ConstructorTesterTests, Version=1.0.0.0, Culture=neutral, PublicKeyToken=null" name="When_given_a_constructor_with_one_class_parameter_Then_it_should_handle_this" />
    </UnitTest>
    <UnitTest name="When_given_a_constructor_with_one_interface_parameter_Then_it_should_handle_this" storage="c:\users\mufflon\documents\visual studio 11\projects\constructortester\testproject1\bin\debug\constructortestertests.dll" id="a7aef663-41f9-5d8a-b5a0-852543a8fa27">
      <Execution id="010a69be-7ecd-493b-952a-1ad7b6b905d0" />
      <TestMethod codeBase="C:/Users/Mufflon/documents/visual studio 11/Projects/ConstructorTester/TestProject1/bin/Debug/ConstructorTesterTests.DLL" adapterTypeName="Microsoft.VisualStudio.TestTools.TestTypes.Unit.UnitTestAdapter, Microsoft.VisualStudio.QualityTools.Tips.UnitTest.Adapter, Version=11.0.0.0, Culture=neutral, PublicKeyToken=b03f5f7f11d50a3a" className="ConstructorTesterTests.ArgumentNullTestTests, ConstructorTesterTests, Version=1.0.0.0, Culture=neutral, PublicKeyToken=null" name="When_given_a_constructor_with_one_interface_parameter_Then_it_should_handle_this" />
    </UnitTest>
    <UnitTest name="When_given_a_constructor_of_an_internal_class_Then_it_should_handle_this" storage="c:\users\mufflon\documents\visual studio 11\projects\constructortester\testproject1\bin\debug\constructortestertests.dll" id="dbbbe58d-9b08-5cfd-b33e-a060ac86e32c">
      <Execution id="04cc8bd6-eb33-4f93-87e9-3f5a617e584e" />
      <TestMethod codeBase="C:/Users/Mufflon/documents/visual studio 11/Projects/ConstructorTester/TestProject1/bin/Debug/ConstructorTesterTests.DLL" adapterTypeName="Microsoft.VisualStudio.TestTools.TestTypes.Unit.UnitTestAdapter, Microsoft.VisualStudio.QualityTools.Tips.UnitTest.Adapter, Version=11.0.0.0, Culture=neutral, PublicKeyToken=b03f5f7f11d50a3a" className="ConstructorTesterTests.ArgumentNullTestTests, ConstructorTesterTests, Version=1.0.0.0, Culture=neutral, PublicKeyToken=null" name="When_given_a_constructor_of_an_internal_class_Then_it_should_handle_this" />
    </UnitTest>
  </TestDefinitions>
  <TestLists>
    <TestList name="Results Not in a List" id="8c84fa94-04c1-424b-9868-57a2d4851a1d" />
    <TestList name="All Loaded Results" id="19431567-8539-422a-85d7-44ee4e166bda" />
  </TestLists>
  <TestEntries>
    <TestEntry testId="109f2b18-5fe0-6cc6-e617-564a51ff5ba3" executionId="020d5450-241c-4202-85ea-2de152a4c098" testListId="8c84fa94-04c1-424b-9868-57a2d4851a1d" />
    <TestEntry testId="1be7005f-3454-1b0e-0ae2-005b83a28cb2" executionId="34a3b3ba-7cd1-4c3e-8c6e-d94a580d335b" testListId="8c84fa94-04c1-424b-9868-57a2d4851a1d" />
    <TestEntry testId="8037305c-f53e-428f-e951-87f57bffe102" executionId="b512dae3-f437-4c19-9e6a-506ec8169c57" testListId="8c84fa94-04c1-424b-9868-57a2d4851a1d" />
    <TestEntry testId="98101bdf-c153-0c62-21d5-ea83358f3fb2" executionId="16ae3b41-8fc3-42e5-84e5-1e07da1df396" testListId="8c84fa94-04c1-424b-9868-57a2d4851a1d" />
    <TestEntry testId="a7aef663-41f9-5d8a-b5a0-852543a8fa27" executionId="010a69be-7ecd-493b-952a-1ad7b6b905d0" testListId="8c84fa94-04c1-424b-9868-57a2d4851a1d" />
    <TestEntry testId="c1546c68-3d37-df22-0334-d20ca54e92ab" executionId="29394441-1a17-4993-8513-f72414db55d8" testListId="8c84fa94-04c1-424b-9868-57a2d4851a1d" />
    <TestEntry testId="dbbbe58d-9b08-5cfd-b33e-a060ac86e32c" executionId="04cc8bd6-eb33-4f93-87e9-3f5a617e584e" testListId="8c84fa94-04c1-424b-9868-57a2d4851a1d" />
  </TestEntries>
  <Results>
    <UnitTestResult executionId="020d5450-241c-4202-85ea-2de152a4c098" testId="109f2b18-5fe0-6cc6-e617-564a51ff5ba3" testName="When_given_a_default_constructor_Then_it_should_handle_this" computerName="HOME-PC" duration="00:00:00.0368240" startTime="2011-09-27T20:55:51.7932649+02:00" endTime="2011-09-27T20:55:52.1832587+02:00" testType="13cdc9d9-ddb5-4fa4-a97d-d965ccfc6d4b" outcome="Passed" testListId="8c84fa94-04c1-424b-9868-57a2d4851a1d" relativeResultsDirectory="020d5450-241c-4202-85ea-2de152a4c098">
    </UnitTestResult>
    <UnitTestResult executionId="34a3b3ba-7cd1-4c3e-8c6e-d94a580d335b" testId="1be7005f-3454-1b0e-0ae2-005b83a28cb2" testName="When_given_a_constructor_calling_an_abstract_base_class_Then_it_should_handle_this" computerName="HOME-PC" duration="00:00:00.0094480" startTime="2011-09-27T20:55:52.1988653+02:00" endTime="2011-09-27T20:55:52.2300650+02:00" testType="13cdc9d9-ddb5-4fa4-a97d-d965ccfc6d4b" outcome="Passed" testListId="8c84fa94-04c1-424b-9868-57a2d4851a1d" relativeResultsDirectory="34a3b3ba-7cd1-4c3e-8c6e-d94a580d335b">
    </UnitTestResult>
    <UnitTestResult executionId="b512dae3-f437-4c19-9e6a-506ec8169c57" testId="8037305c-f53e-428f-e951-87f57bffe102" testName="When_given_a_constructor_with_one_value_parameter_Then_it_should_handle_this" computerName="HOME-PC" duration="00:00:00.0002547" startTime="2011-09-27T20:55:52.2300650+02:00" endTime="2011-09-27T20:55:52.3080653+02:00" testType="13cdc9d9-ddb5-4fa4-a97d-d965ccfc6d4b" outcome="Passed" testListId="8c84fa94-04c1-424b-9868-57a2d4851a1d" relativeResultsDirectory="b512dae3-f437-4c19-9e6a-506ec8169c57">
    </UnitTestResult>
    <UnitTestResult executionId="16ae3b41-8fc3-42e5-84e5-1e07da1df396" testId="98101bdf-c153-0c62-21d5-ea83358f3fb2" testName="When_given_a_constructor_with_one_class_parameter_Then_it_should_handle_this" computerName="HOME-PC" duration="00:00:00.0012106" startTime="2011-09-27T20:55:52.3236661+02:00" endTime="2011-09-27T20:55:52.3236661+02:00" testType="13cdc9d9-ddb5-4fa4-a97d-d965ccfc6d4b" outcome="Passed" testListId="8c84fa94-04c1-424b-9868-57a2d4851a1d" relativeResultsDirectory="16ae3b41-8fc3-42e5-84e5-1e07da1df396">
    </UnitTestResult>
    <UnitTestResult executionId="010a69be-7ecd-493b-952a-1ad7b6b905d0" testId="a7aef663-41f9-5d8a-b5a0-852543a8fa27" testName="When_given_a_constructor_with_one_interface_parameter_Then_it_should_handle_this" computerName="HOME-PC" duration="00:00:00.1514233" startTime="2011-09-27T20:55:52.3236661+02:00" endTime="2011-09-27T20:55:52.4796622+02:00" testType="13cdc9d9-ddb5-4fa4-a97d-d965ccfc6d4b" outcome="Passed" testListId="8c84fa94-04c1-424b-9868-57a2d4851a1d" relativeResultsDirectory="010a69be-7ecd-493b-952a-1ad7b6b905d0">
    </UnitTestResult>
    <UnitTestResult executionId="29394441-1a17-4993-8513-f72414db55d8" testId="c1546c68-3d37-df22-0334-d20ca54e92ab" testName="When_given_an_internal_constructor_with_one_class_parameter_Then_it_should_handle_this" computerName="HOME-PC" duration="00:00:00.0012985" startTime="2011-09-27T20:55:52.4796622+02:00" endTime="2011-09-27T20:55:52.4952662+02:00" testType="13cdc9d9-ddb5-4fa4-a97d-d965ccfc6d4b" outcome="Passed" testListId="8c84fa94-04c1-424b-9868-57a2d4851a1d" relativeResultsDirectory="29394441-1a17-4993-8513-f72414db55d8">
    </UnitTestResult>
    <UnitTestResult executionId="04cc8bd6-eb33-4f93-87e9-3f5a617e584e" testId="dbbbe58d-9b08-5cfd-b33e-a060ac86e32c" testName="When_given_a_constructor_of_an_internal_class_Then_it_should_handle_this" computerName="HOME-PC" duration="00:00:00.0011901" startTime="2011-09-27T20:55:52.4952662+02:00" endTime="2011-09-27T20:55:52.4952662+02:00" testType="13cdc9d9-ddb5-4fa4-a97d-d965ccfc6d4b" outcome="Passed" testListId="8c84fa94-04c1-424b-9868-57a2d4851a1d" relativeResultsDirectory="04cc8bd6-eb33-4f93-87e9-3f5a617e584e">
    </UnitTestResult>
  </Results>
</TestRun>