<?xml version="1.0" encoding="UTF-8"?>
<TestRun id="2a05233e-ba9b-46c2-9a48-2385325b3d91" name="Mufflon@HOME-PC 2011-09-27 21:53:55" runUser="HOME-PC\Mufflon" xmlns="http://microsoft.com/schemas/VisualStudio/TeamTest/2010">
  <TestSettings name="Local" id="6c7d477a-e894-4a70-b286-0f6354b03526">
    <Description>These are default test settings for a local test run.</Description>
    <Deployment userDeploymentRoot="C:\Users\Mufflon\documents\visual studio 11\Projects\ConstructorTester\TestResults" useDefaultDeploymentRoot="false" enabled="false" runDeploymentRoot="Mufflon_HOME-PC 2011-09-27 21_53_55">
      <DeploymentItem filename="C:\Users\Mufflon\documents\visual studio 11\Projects\ConstructorTester\packages\NUnit.2.5.10.11092\lib\nunit.framework.dll" />
      <DeploymentItem filename="C:\Users\Mufflon\documents\visual studio 11\Projects\ConstructorTester\packages\NUnit.2.5.10.11092\lib\nunit.mocks.dll" />
      <DeploymentItem filename="C:\Users\Mufflon\documents\visual studio 11\Projects\ConstructorTester\ConstructorTester\bin\Debug\ConstructorTester.dll" />
      <DeploymentItem filename="C:\Users\Mufflon\documents\visual studio 11\Projects\ConstructorTester\packages\NUnit.2.5.10.11092\lib\pnunit.framework.dll" />
    </Deployment>
    <Execution>
      <TestTypeSpecific />
      <AgentRule name="Execution Agents">
      </AgentRule>
    </Execution>
  </TestSettings>
  <Times creation="2011-09-27T21:53:55.5511015+02:00" queuing="2011-09-27T21:53:58.0501949+02:00" start="2011-09-27T21:53:58.3153917+02:00" finish="2011-09-27T21:54:13.5884128+02:00" />
  <ResultSummary outcome="Error">
    <Counters total="1" executed="1" error="0" failed="0" timeout="0" aborted="1" inconclusive="0" passedButRunAborted="0" notRunnable="0" notExecuted="0" disconnected="0" warning="0" passed="0" completed="0" inProgress="0" pending="0" />
    <RunInfos>
      <RunInfo computerName="HOME-PC" outcome="Error" timestamp="2011-09-27T21:54:13.5260127+02:00">
        <Text>Test host process exited unexpectedly.</Text>
      </RunInfo>
    </RunInfos>
  </ResultSummary>
  <TestDefinitions>
    <UnitTest name="When_given_an_assembly_with_several_classes_Then_it_should_handle_this" storage="c:\users\mufflon\documents\visual studio 11\projects\constructortester\testproject1\bin\debug\constructortestertests.dll" id="9a8733e5-fabe-e4e3-c112-b4574783fb02">
      <Execution id="9f413207-e64b-4939-b361-9fbf092c8693" />
      <TestMethod codeBase="C:/Users/Mufflon/documents/visual studio 11/Projects/ConstructorTester/TestProject1/bin/Debug/ConstructorTesterTests.DLL" adapterTypeName="Microsoft.VisualStudio.TestTools.TestTypes.Unit.UnitTestAdapter, Microsoft.VisualStudio.QualityTools.Tips.UnitTest.Adapter, Version=11.0.0.0, Culture=neutral, PublicKeyToken=b03f5f7f11d50a3a" className="ConstructorTesterTests.ArgumentNullTestTests, ConstructorTesterTests, Version=1.0.0.0, Culture=neutral, PublicKeyToken=null" name="When_given_an_assembly_with_several_classes_Then_it_should_handle_this" />
    </UnitTest>
  </TestDefinitions>
  <TestLists>
    <TestList name="Results Not in a List" id="8c84fa94-04c1-424b-9868-57a2d4851a1d" />
    <TestList name="All Loaded Results" id="19431567-8539-422a-85d7-44ee4e166bda" />
  </TestLists>
  <TestEntries>
    <TestEntry testId="9a8733e5-fabe-e4e3-c112-b4574783fb02" executionId="9f413207-e64b-4939-b361-9fbf092c8693" testListId="8c84fa94-04c1-424b-9868-57a2d4851a1d" />
  </TestEntries>
  <Results>
    <UnitTestResult executionId="9f413207-e64b-4939-b361-9fbf092c8693" testId="9a8733e5-fabe-e4e3-c112-b4574783fb02" testName="When_given_an_assembly_with_several_classes_Then_it_should_handle_this" computerName="HOME-PC" duration="00:00:15.0702182" startTime="2011-09-27T21:53:58.5181946+02:00" endTime="2011-09-27T21:54:13.5884128+02:00" testType="13cdc9d9-ddb5-4fa4-a97d-d965ccfc6d4b" outcome="Aborted" testListId="8c84fa94-04c1-424b-9868-57a2d4851a1d" relativeResultsDirectory="9f413207-e64b-4939-b361-9fbf092c8693">
    </UnitTestResult>
  </Results>
</TestRun>