<?xml version="1.0" encoding="UTF-8"?>
<TestRun id="a37cec39-d0cb-49d6-bfb8-99383bc67f2b" name="Mufflon@HOME-PC 2011-09-27 20:47:06" runUser="HOME-PC\Mufflon" xmlns="http://microsoft.com/schemas/VisualStudio/TeamTest/2010">
  <TestSettings name="Local" id="6c7d477a-e894-4a70-b286-0f6354b03526">
    <Description>These are default test settings for a local test run.</Description>
    <Deployment enabled="false" runDeploymentRoot="Mufflon_HOME-PC 2011-09-27 20_47_06">
      <DeploymentItem filename="C:\Users\Mufflon\documents\visual studio 11\Projects\ConstructorTester\packages\NUnit.2.5.10.11092\lib\nunit.framework.dll" />
      <DeploymentItem filename="C:\Users\Mufflon\documents\visual studio 11\Projects\ConstructorTester\packages\NUnit.2.5.10.11092\lib\nunit.mocks.dll" />
      <DeploymentItem filename="C:\Users\Mufflon\documents\visual studio 11\Projects\ConstructorTester\ConstructorTester\bin\Debug\ConstructorTester.dll" />
      <DeploymentItem filename="C:\Users\Mufflon\documents\visual studio 11\Projects\ConstructorTester\packages\NUnit.2.5.10.11092\lib\pnunit.framework.dll" />
    </Deployment>
    <Execution>
      <TestTypeSpecific />
      <AgentRule name="Execution Agents">
      </AgentRule>
    </Execution>
  </TestSettings>
  <Times creation="2011-09-27T20:47:06.0368751+02:00" queuing="2011-09-27T20:47:06.0992534+02:00" start="2011-09-27T20:47:06.1148568+02:00" finish="2011-09-27T20:47:06.8480578+02:00" />
  <ResultSummary outcome="Completed">
    <Counters total="6" executed="6" passed="6" error="0" failed="0" timeout="0" aborted="0" inconclusive="0" passedButRunAborted="0" notRunnable="0" notExecuted="0" disconnected="0" warning="0" completed="0" inProgress="0" pending="0" />
  </ResultSummary>
  <TestDefinitions>
    <UnitTest name="When_given_a_default_constructor_Then_it_should_handle_this" storage="c:\users\mufflon\documents\visual studio 11\projects\constructortester\testproject1\bin\debug\constructortestertests.dll" id="109f2b18-5fe0-6cc6-e617-564a51ff5ba3">
      <Execution id="1861d760-4cc6-4a4c-8c65-41ba3abd11d4" />
      <TestMethod codeBase="C:/Users/Mufflon/documents/visual studio 11/Projects/ConstructorTester/TestProject1/bin/Debug/ConstructorTesterTests.DLL" adapterTypeName="Microsoft.VisualStudio.TestTools.TestTypes.Unit.UnitTestAdapter, Microsoft.VisualStudio.QualityTools.Tips.UnitTest.Adapter, Version=11.0.0.0, Culture=neutral, PublicKeyToken=b03f5f7f11d50a3a" className="ConstructorTesterTests.ArgumentNullTestTests, ConstructorTesterTests, Version=1.0.0.0, Culture=neutral, PublicKeyToken=null" name="When_given_a_default_constructor_Then_it_should_handle_this" />
    </UnitTest>
    <UnitTest name="When_given_an_internal_constructor_with_one_class_parameter_Then_it_should_handle_this" storage="c:\users\mufflon\documents\visual studio 11\projects\constructortester\testproject1\bin\debug\constructortestertests.dll" id="c1546c68-3d37-df22-0334-d20ca54e92ab">
      <Execution id="dec360ce-f461-486e-b883-addd70942d69" />
      <TestMethod codeBase="C:/Users/Mufflon/documents/visual studio 11/Projects/ConstructorTester/TestProject1/bin/Debug/ConstructorTesterTests.DLL" adapterTypeName="Microsoft.VisualStudio.TestTools.TestTypes.Unit.UnitTestAdapter, Microsoft.VisualStudio.QualityTools.Tips.UnitTest.Adapter, Version=11.0.0.0, Culture=neutral, PublicKeyToken=b03f5f7f11d50a3a" className="ConstructorTesterTests.ArgumentNullTestTests, ConstructorTesterTests, Version=1.0.0.0, Culture=neutral, PublicKeyToken=null" name="When_given_an_internal_constructor_with_one_class_parameter_Then_it_should_handle_this" />
    </UnitTest>
    <UnitTest name="When_given_a_constructor_with_one_value_parameter_Then_it_should_handle_this" storage="c:\users\mufflon\documents\visual studio 11\projects\constructortester\testproject1\bin\debug\constructortestertests.dll" id="8037305c-f53e-428f-e951-87f57bffe102">
      <Execution id="c2d2fe69-1f10-421d-a582-048b8c84c772" />
      <TestMethod codeBase="C:/Users/Mufflon/documents/visual studio 11/Projects/ConstructorTester/TestProject1/bin/Debug/ConstructorTesterTests.DLL" adapterTypeName="Microsoft.VisualStudio.TestTools.TestTypes.Unit.UnitTestAdapter, Microsoft.VisualStudio.QualityTools.Tips.UnitTest.Adapter, Version=11.0.0.0, Culture=neutral, PublicKeyToken=b03f5f7f11d50a3a" className="ConstructorTesterTests.ArgumentNullTestTests, ConstructorTesterTests, Version=1.0.0.0, Culture=neutral, PublicKeyToken=null" name="When_given_a_constructor_with_one_value_parameter_Then_it_should_handle_this" />
    </UnitTest>
    <UnitTest name="When_given_a_constructor_with_one_class_parameter_Then_it_should_handle_this" storage="c:\users\mufflon\documents\visual studio 11\projects\constructortester\testproject1\bin\debug\constructortestertests.dll" id="98101bdf-c153-0c62-21d5-ea83358f3fb2">
      <Execution id="df6e229a-5afe-46fd-8851-00831499f409" />
      <TestMethod codeBase="C:/Users/Mufflon/documents/visual studio 11/Projects/ConstructorTester/TestProject1/bin/Debug/ConstructorTesterTests.DLL" adapterTypeName="Microsoft.VisualStudio.TestTools.TestTypes.Unit.UnitTestAdapter, Microsoft.VisualStudio.QualityTools.Tips.UnitTest.Adapter, Version=11.0.0.0, Culture=neutral, PublicKeyToken=b03f5f7f11d50a3a" className="ConstructorTesterTests.ArgumentNullTestTests, ConstructorTesterTests, Version=1.0.0.0, Culture=neutral, PublicKeyToken=null" name="When_given_a_constructor_with_one_class_parameter_Then_it_should_handle_this" />
    </UnitTest>
    <UnitTest name="When_given_a_constructor_with_one_interface_parameter_Then_it_should_handle_this" storage="c:\users\mufflon\documents\visual studio 11\projects\constructortester\testproject1\bin\debug\constructortestertests.dll" id="a7aef663-41f9-5d8a-b5a0-852543a8fa27">
      <Execution id="87be56ee-d947-4ada-8f0f-335d2a476e5f" />
      <TestMethod codeBase="C:/Users/Mufflon/documents/visual studio 11/Projects/ConstructorTester/TestProject1/bin/Debug/ConstructorTesterTests.DLL" adapterTypeName="Microsoft.VisualStudio.TestTools.TestTypes.Unit.UnitTestAdapter, Microsoft.VisualStudio.QualityTools.Tips.UnitTest.Adapter, Version=11.0.0.0, Culture=neutral, PublicKeyToken=b03f5f7f11d50a3a" className="ConstructorTesterTests.ArgumentNullTestTests, ConstructorTesterTests, Version=1.0.0.0, Culture=neutral, PublicKeyToken=null" name="When_given_a_constructor_with_one_interface_parameter_Then_it_should_handle_this" />
    </UnitTest>
    <UnitTest name="When_given_a_constructor_of_an_internal_class_Then_it_should_handle_this" storage="c:\users\mufflon\documents\visual studio 11\projects\constructortester\testproject1\bin\debug\constructortestertests.dll" id="dbbbe58d-9b08-5cfd-b33e-a060ac86e32c">
      <Execution id="a29b2e92-3b89-46e2-8354-6d39e8d6a087" />
      <TestMethod codeBase="C:/Users/Mufflon/documents/visual studio 11/Projects/ConstructorTester/TestProject1/bin/Debug/ConstructorTesterTests.DLL" adapterTypeName="Microsoft.VisualStudio.TestTools.TestTypes.Unit.UnitTestAdapter, Microsoft.VisualStudio.QualityTools.Tips.UnitTest.Adapter, Version=11.0.0.0, Culture=neutral, PublicKeyToken=b03f5f7f11d50a3a" className="ConstructorTesterTests.ArgumentNullTestTests, ConstructorTesterTests, Version=1.0.0.0, Culture=neutral, PublicKeyToken=null" name="When_given_a_constructor_of_an_internal_class_Then_it_should_handle_this" />
    </UnitTest>
  </TestDefinitions>
  <TestLists>
    <TestList name="Results Not in a List" id="8c84fa94-04c1-424b-9868-57a2d4851a1d" />
    <TestList name="All Loaded Results" id="19431567-8539-422a-85d7-44ee4e166bda" />
  </TestLists>
  <TestEntries>
    <TestEntry testId="109f2b18-5fe0-6cc6-e617-564a51ff5ba3" executionId="1861d760-4cc6-4a4c-8c65-41ba3abd11d4" testListId="8c84fa94-04c1-424b-9868-57a2d4851a1d" />
    <TestEntry testId="8037305c-f53e-428f-e951-87f57bffe102" executionId="c2d2fe69-1f10-421d-a582-048b8c84c772" testListId="8c84fa94-04c1-424b-9868-57a2d4851a1d" />
    <TestEntry testId="98101bdf-c153-0c62-21d5-ea83358f3fb2" executionId="df6e229a-5afe-46fd-8851-00831499f409" testListId="8c84fa94-04c1-424b-9868-57a2d4851a1d" />
    <TestEntry testId="a7aef663-41f9-5d8a-b5a0-852543a8fa27" executionId="87be56ee-d947-4ada-8f0f-335d2a476e5f" testListId="8c84fa94-04c1-424b-9868-57a2d4851a1d" />
    <TestEntry testId="c1546c68-3d37-df22-0334-d20ca54e92ab" executionId="dec360ce-f461-486e-b883-addd70942d69" testListId="8c84fa94-04c1-424b-9868-57a2d4851a1d" />
    <TestEntry testId="dbbbe58d-9b08-5cfd-b33e-a060ac86e32c" executionId="a29b2e92-3b89-46e2-8354-6d39e8d6a087" testListId="8c84fa94-04c1-424b-9868-57a2d4851a1d" />
  </TestEntries>
  <Results>
    <UnitTestResult executionId="1861d760-4cc6-4a4c-8c65-41ba3abd11d4" testId="109f2b18-5fe0-6cc6-e617-564a51ff5ba3" testName="When_given_a_default_constructor_Then_it_should_handle_this" computerName="HOME-PC" duration="00:00:00.0297447" startTime="2011-09-27T20:47:06.1772562+02:00" endTime="2011-09-27T20:47:06.5828578+02:00" testType="13cdc9d9-ddb5-4fa4-a97d-d965ccfc6d4b" outcome="Passed" testListId="8c84fa94-04c1-424b-9868-57a2d4851a1d" relativeResultsDirectory="1861d760-4cc6-4a4c-8c65-41ba3abd11d4">
    </UnitTestResult>
    <UnitTestResult executionId="c2d2fe69-1f10-421d-a582-048b8c84c772" testId="8037305c-f53e-428f-e951-87f57bffe102" testName="When_given_a_constructor_with_one_value_parameter_Then_it_should_handle_this" computerName="HOME-PC" duration="00:00:00.0243284" startTime="2011-09-27T20:47:06.5828578+02:00" endTime="2011-09-27T20:47:06.6452579+02:00" testType="13cdc9d9-ddb5-4fa4-a97d-d965ccfc6d4b" outcome="Passed" testListId="8c84fa94-04c1-424b-9868-57a2d4851a1d" relativeResultsDirectory="c2d2fe69-1f10-421d-a582-048b8c84c772">
    </UnitTestResult>
    <UnitTestResult executionId="df6e229a-5afe-46fd-8851-00831499f409" testId="98101bdf-c153-0c62-21d5-ea83358f3fb2" testName="When_given_a_constructor_with_one_class_parameter_Then_it_should_handle_this" computerName="HOME-PC" duration="00:00:00.0015321" startTime="2011-09-27T20:47:06.6452579+02:00" endTime="2011-09-27T20:47:06.6608549+02:00" testType="13cdc9d9-ddb5-4fa4-a97d-d965ccfc6d4b" outcome="Passed" testListId="8c84fa94-04c1-424b-9868-57a2d4851a1d" relativeResultsDirectory="df6e229a-5afe-46fd-8851-00831499f409">
    </UnitTestResult>
    <UnitTestResult executionId="87be56ee-d947-4ada-8f0f-335d2a476e5f" testId="a7aef663-41f9-5d8a-b5a0-852543a8fa27" testName="When_given_a_constructor_with_one_interface_parameter_Then_it_should_handle_this" computerName="HOME-PC" duration="00:00:00.1453032" startTime="2011-09-27T20:47:06.6608549+02:00" endTime="2011-09-27T20:47:06.8168683+02:00" testType="13cdc9d9-ddb5-4fa4-a97d-d965ccfc6d4b" outcome="Passed" testListId="8c84fa94-04c1-424b-9868-57a2d4851a1d" relativeResultsDirectory="87be56ee-d947-4ada-8f0f-335d2a476e5f">
    </UnitTestResult>
    <UnitTestResult executionId="dec360ce-f461-486e-b883-addd70942d69" testId="c1546c68-3d37-df22-0334-d20ca54e92ab" testName="When_given_an_internal_constructor_with_one_class_parameter_Then_it_should_handle_this" computerName="HOME-PC" duration="00:00:00.0011766" startTime="2011-09-27T20:47:06.8168683+02:00" endTime="2011-09-27T20:47:06.8168683+02:00" testType="13cdc9d9-ddb5-4fa4-a97d-d965ccfc6d4b" outcome="Passed" testListId="8c84fa94-04c1-424b-9868-57a2d4851a1d" relativeResultsDirectory="dec360ce-f461-486e-b883-addd70942d69">
    </UnitTestResult>
    <UnitTestResult executionId="a29b2e92-3b89-46e2-8354-6d39e8d6a087" testId="dbbbe58d-9b08-5cfd-b33e-a060ac86e32c" testName="When_given_a_constructor_of_an_internal_class_Then_it_should_handle_this" computerName="HOME-PC" duration="00:00:00.0002592" startTime="2011-09-27T20:47:06.8168683+02:00" endTime="2011-09-27T20:47:06.8324743+02:00" testType="13cdc9d9-ddb5-4fa4-a97d-d965ccfc6d4b" outcome="Passed" testListId="8c84fa94-04c1-424b-9868-57a2d4851a1d" relativeResultsDirectory="a29b2e92-3b89-46e2-8354-6d39e8d6a087">
    </UnitTestResult>
  </Results>
</TestRun>